[2026/4/14 下午3:05:30] GET /
[2026/4/14 下午3:05:31] GET /css/style.css
[2026/4/14 下午3:05:31] GET /
[2026/4/14 下午3:05:31] GET /css/style.css
[2026/4/14 下午3:05:31] GET /favicon.ico
[2026/4/14 下午3:05:52] GET /446
[2026/4/14 下午3:05:52] GET /favicon.ico
[2026/4/14 下午3:05:57] GET /
[2026/4/14 下午3:05:57] GET /css/style.css
[2026/4/14 下午3:06:16] GET /vgg
[2026/4/15 下午9:08:09] GET /
[2026/4/15 下午9:08:09] GET /css/style.css
[2026/4/15 下午9:08:10] GET /favicon.ico
[2026/4/15 下午9:08:12] GET /product/iPhone-17
[2026/4/15 下午9:08:12] GET /images/iphone-17.jpg
[2026/4/15 下午9:08:15] GET /product/iPhone-17-Air
[2026/4/15 下午9:08:15] GET /images/iphone-17-air.jpg
[2026/4/15 下午9:09:46] GET /admin?code=521
[2026/4/17 上午8:20:03] GET /product/iPhone-17
[2026/4/17 上午8:20:04] GET /images/iphone-17.jpg
[2026/4/19 下午12:34:30] GET /
[2026/4/19 下午12:34:31] GET /style.css
[2026/4/19 下午12:34:31] GET /favicon.ico
[2026/4/19 下午12:34:35] GET /
[2026/4/19 下午12:34:35] GET /style.css
[2026/4/19 下午12:34:40] GET /product/ILCE-6700
[2026/4/19 下午12:34:40] GET /images/a6700.jpg
[2026/4/19 下午12:44:45] GET /
[2026/4/19 下午12:44:45] GET /style.css
[2026/4/19 下午12:44:48] GET /product/ILCE-6700
[2026/4/19 下午12:44:48] GET /images/a6700.jpg
[2026/4/19 下午12:45:30] GET /
[2026/4/19 下午12:45:30] GET /style.css
[2026/4/19 下午12:45:34] GET /
[2026/4/19 下午12:45:34] GET /style.css
[2026/4/19 下午12:45:41] GET /product/ILCE-6700
[2026/4/19 下午12:45:41] GET /images/a6700.jpg
[2026/4/19 下午12:46:06] GET /
[2026/4/19 下午12:46:06] GET /style.css
[2026/4/19 下午12:46:09] GET /product/ILCE-6700
[2026/4/19 下午12:46:09] GET /images/a6700.jpg
[2026/4/19 下午12:46:59] GET /
[2026/4/19 下午12:46:59] GET /style.css
[2026/4/19 下午12:47:01] GET /product/ILCE-6700
[2026/4/19 下午12:47:01] GET /images/a6700.jpg
[2026/4/19 下午12:47:08] GET /
[2026/4/19 下午12:47:08] GET /style.css
[2026/4/19 下午12:47:11] GET /product/ILCE-6700
[2026/4/19 下午12:47:11] GET /images/a6700.jpg
[2026/4/19 下午12:47:49] GET /
[2026/4/19 下午12:47:49] GET /style.css
[2026/4/19 下午12:47:50] GET /product/ILCE-6700
[2026/4/19 下午12:47:50] GET /images/a6700.jpg
[2026/4/19 下午12:48:35] GET /
[2026/4/19 下午12:48:35] GET /style.css
[2026/4/19 下午12:48:37] GET /product/ILCE-6700
[2026/4/19 下午12:48:37] GET /images/a6700.jpg
[2026/4/19 下午12:48:40] GET /
[2026/4/19 下午12:48:40] GET /style.css
[2026/4/19 下午12:48:42] GET /product/ILCE-6700
[2026/4/19 下午12:48:42] GET /images/a6700.jpg
[2026/4/19 下午12:48:48] GET /product/ILCE-6700/54
